# JRE version: Java(TM) SE Runtime Environment (11.0+28) (build 11+28)
# Java VM: Java HotSpot(TM) 64-Bit Server VM (11+28, mixed mode, tiered, compressed oops, g1 gc, windows-amd64)
Heap:
 garbage-first heap   total 78848K, used 40665K [0x00000000c1400000, 0x0000000100000000)
  region size 1024K, 32 young (32768K), 4 survivors (4096K)
 Metaspace       used 33191K, capacity 33762K, committed 33920K, reserved 1079296K
  class space    used 3711K, capacity 3928K, committed 3968K, reserved 1048576K
GC Heap History (10 events):
Event: 2.167 GC heap before
{Heap before GC invocations=1 (full 0):
 garbage-first heap   total 65536K, used 11875K [0x00000000c1400000, 0x0000000100000000)
  region size 1024K, 10 young (10240K), 2 survivors (2048K)
 Metaspace       used 13783K, capacity 14085K, committed 14336K, reserved 1062912K
  class space    used 1414K, capacity 1507K, committed 1536K, reserved 1048576K
}
Event: 2.177 GC heap after
{Heap after GC invocations=2 (full 0):
 garbage-first heap   total 65536K, used 4359K [0x00000000c1400000, 0x0000000100000000)
  region size 1024K, 1 young (1024K), 1 survivors (1024K)
 Metaspace       used 13783K, capacity 14085K, committed 14336K, reserved 1062912K
  class space    used 1414K, capacity 1507K, committed 1536K, reserved 1048576K
}
Event: 3.181 GC heap before
{Heap before GC invocations=2 (full 0):
 garbage-first heap   total 65536K, used 27911K [0x00000000c1400000, 0x0000000100000000)
  region size 1024K, 24 young (24576K), 1 survivors (1024K)
 Metaspace       used 18814K, capacity 19170K, committed 19456K, reserved 1067008K
  class space    used 2087K, capacity 2249K, committed 2304K, reserved 1048576K
}
Event: 3.219 GC heap after
{Heap after GC invocations=3 (full 0):
 garbage-first heap   total 65536K, used 8817K [0x00000000c1400000, 0x0000000100000000)
  region size 1024K, 3 young (3072K), 3 survivors (3072K)
 Metaspace       used 18814K, capacity 19170K, committed 19456K, reserved 1067008K
  class space    used 2087K, capacity 2249K, committed 2304K, reserved 1048576K
}
Event: 3.598 GC heap before
{Heap before GC invocations=3 (full 0):
 garbage-first heap   total 65536K, used 21105K [0x00000000c1400000, 0x0000000100000000)
  region size 1024K, 16 young (16384K), 3 survivors (3072K)
 Metaspace       used 20759K, capacity 21106K, committed 21248K, reserved 1069056K
  class space    used 2281K, capacity 2443K, committed 2560K, reserved 1048576K
}
Event: 3.605 GC heap after
{Heap after GC invocations=4 (full 0):
 garbage-first heap   total 65536K, used 9470K [0x00000000c1400000, 0x0000000100000000)
  region size 1024K, 1 young (1024K), 1 survivors (1024K)
 Metaspace       used 20759K, capacity 21106K, committed 21248K, reserved 1069056K
  class space    used 2281K, capacity 2443K, committed 2560K, reserved 1048576K
}
Event: 4.989 GC heap before
{Heap before GC invocations=5 (full 0):
 garbage-first heap   total 65536K, used 30974K [0x00000000c1400000, 0x0000000100000000)
  region size 1024K, 23 young (23552K), 1 survivors (1024K)
 Metaspace       used 24505K, capacity 24991K, committed 25216K, reserved 1071104K
  class space    used 2690K, capacity 2863K, committed 2944K, reserved 1048576K
}
Event: 4.994 GC heap after
{Heap after GC invocations=6 (full 0):
 garbage-first heap   total 78848K, used 11050K [0x00000000c1400000, 0x0000000100000000)
  region size 1024K, 3 young (3072K), 3 survivors (3072K)
 Metaspace       used 24505K, capacity 24991K, committed 25216K, reserved 1071104K
  class space    used 2690K, capacity 2863K, committed 2944K, reserved 1048576K
}
Event: 6.578 GC heap before
{Heap before GC invocations=6 (full 0):
 garbage-first heap   total 78848K, used 39722K [0x00000000c1400000, 0x0000000100000000)
  region size 1024K, 31 young (31744K), 3 survivors (3072K)
 Metaspace       used 29283K, capacity 29805K, committed 29952K, reserved 1075200K
  class space    used 3285K, capacity 3505K, committed 3584K, reserved 1048576K
}
Event: 6.587 GC heap after
{Heap after GC invocations=7 (full 0):
 garbage-first heap   total 78848K, used 13017K [0x00000000c1400000, 0x0000000100000000)
  region size 1024K, 4 young (4096K), 4 survivors (4096K)
 Metaspace       used 29283K, capacity 29805K, committed 29952K, reserved 1075200K
  class space    used 3285K, capacity 3505K, committed 3584K, reserved 1048576K
}

