# JRE version: Java(TM) SE Runtime Environment (11.0+28) (build 11+28)
# Java VM: Java HotSpot(TM) 64-Bit Server VM (11+28, mixed mode, tiered, compressed oops, g1 gc, windows-amd64)
Heap:
 garbage-first heap   total 78848K, used 42412K [0x00000000c1400000, 0x0000000100000000)
  region size 1024K, 30 young (30720K), 5 survivors (5120K)
 Metaspace       used 37539K, capacity 38078K, committed 38272K, reserved 1083392K
  class space    used 4238K, capacity 4464K, committed 4480K, reserved 1048576K
GC Heap History (10 events):
Event: 5.793 GC heap before
{Heap before GC invocations=5 (full 0):
 garbage-first heap   total 65536K, used 30866K [0x00000000c1400000, 0x0000000100000000)
  region size 1024K, 22 young (22528K), 1 survivors (1024K)
 Metaspace       used 24806K, capacity 25306K, committed 25600K, reserved 1071104K
  class space    used 2739K, capacity 2949K, committed 3072K, reserved 1048576K
}
Event: 5.798 GC heap after
{Heap after GC invocations=6 (full 0):
 garbage-first heap   total 65536K, used 11091K [0x00000000c1400000, 0x0000000100000000)
  region size 1024K, 3 young (3072K), 3 survivors (3072K)
 Metaspace       used 24806K, capacity 25306K, committed 25600K, reserved 1071104K
  class space    used 2739K, capacity 2949K, committed 3072K, reserved 1048576K
}
Event: 7.397 GC heap before
{Heap before GC invocations=6 (full 0):
 garbage-first heap   total 65536K, used 34643K [0x00000000c1400000, 0x0000000100000000)
  region size 1024K, 26 young (26624K), 3 survivors (3072K)
 Metaspace       used 28188K, capacity 28737K, committed 29056K, reserved 1075200K
  class space    used 3142K, capacity 3343K, committed 3456K, reserved 1048576K
}
Event: 7.407 GC heap after
{Heap after GC invocations=7 (full 0):
 garbage-first heap   total 65536K, used 12550K [0x00000000c1400000, 0x0000000100000000)
  region size 1024K, 4 young (4096K), 4 survivors (4096K)
 Metaspace       used 28188K, capacity 28737K, committed 29056K, reserved 1075200K
  class space    used 3142K, capacity 3343K, committed 3456K, reserved 1048576K
}
Event: 9.588 GC heap before
{Heap before GC invocations=7 (full 0):
 garbage-first heap   total 65536K, used 37126K [0x00000000c1400000, 0x0000000100000000)
  region size 1024K, 28 young (28672K), 4 survivors (4096K)
 Metaspace       used 31222K, capacity 31774K, committed 32000K, reserved 1077248K
  class space    used 3505K, capacity 3736K, committed 3840K, reserved 1048576K
}
Event: 9.607 GC heap after
{Heap after GC invocations=8 (full 0):
 garbage-first heap   total 65536K, used 14426K [0x00000000c1400000, 0x0000000100000000)
  region size 1024K, 4 young (4096K), 4 survivors (4096K)
 Metaspace       used 31222K, capacity 31774K, committed 32000K, reserved 1077248K
  class space    used 3505K, capacity 3736K, committed 3840K, reserved 1048576K
}
Event: 11.065 GC heap before
{Heap before GC invocations=8 (full 0):
 garbage-first heap   total 65536K, used 41050K [0x00000000c1400000, 0x0000000100000000)
  region size 1024K, 30 young (30720K), 4 survivors (4096K)
 Metaspace       used 33953K, capacity 34522K, committed 34816K, reserved 1079296K
  class space    used 3801K, capacity 4029K, committed 4096K, reserved 1048576K
}
Event: 11.077 GC heap after
{Heap after GC invocations=9 (full 0):
 garbage-first heap   total 78848K, used 16453K [0x00000000c1400000, 0x0000000100000000)
  region size 1024K, 4 young (4096K), 4 survivors (4096K)
 Metaspace       used 33953K, capacity 34522K, committed 34816K, reserved 1079296K
  class space    used 3801K, capacity 4029K, committed 4096K, reserved 1048576K
}
Event: 11.853 GC heap before
{Heap before GC invocations=9 (full 0):
 garbage-first heap   total 78848K, used 38981K [0x00000000c1400000, 0x0000000100000000)
  region size 1024K, 27 young (27648K), 4 survivors (4096K)
 Metaspace       used 35227K, capacity 35726K, committed 35840K, reserved 1081344K
  class space    used 3951K, capacity 4170K, committed 4224K, reserved 1048576K
}
Event: 11.864 GC heap after
{Heap after GC invocations=10 (full 0):
 garbage-first heap   total 78848K, used 18860K [0x00000000c1400000, 0x0000000100000000)
  region size 1024K, 5 young (5120K), 5 survivors (5120K)
 Metaspace       used 35227K, capacity 35726K, committed 35840K, reserved 1081344K
  class space    used 3951K, capacity 4170K, committed 4224K, reserved 1048576K
}

