# JRE version: Java(TM) SE Runtime Environment (11.0+28) (build 11+28)
# Java VM: Java HotSpot(TM) 64-Bit Server VM (11+28, mixed mode, tiered, compressed oops, g1 gc, windows-amd64)
Heap:
 garbage-first heap   total 78848K, used 46750K [0x00000000c1400000, 0x0000000100000000)
  region size 1024K, 30 young (30720K), 2 survivors (2048K)
 Metaspace       used 38717K, capacity 39302K, committed 39424K, reserved 1083392K
  class space    used 4372K, capacity 4593K, committed 4608K, reserved 1048576K
GC Heap History (10 events):
Event: 5.162 GC heap before
{Heap before GC invocations=5 (full 0):
 garbage-first heap   total 65536K, used 32118K [0x00000000c1400000, 0x0000000100000000)
  region size 1024K, 23 young (23552K), 1 survivors (1024K)
 Metaspace       used 24592K, capacity 25140K, committed 25216K, reserved 1071104K
  class space    used 2715K, capacity 2915K, committed 2944K, reserved 1048576K
}
Event: 5.169 GC heap after
{Heap after GC invocations=6 (full 0):
 garbage-first heap   total 65536K, used 11125K [0x00000000c1400000, 0x0000000100000000)
  region size 1024K, 3 young (3072K), 3 survivors (3072K)
 Metaspace       used 24592K, capacity 25140K, committed 25216K, reserved 1071104K
  class space    used 2715K, capacity 2915K, committed 2944K, reserved 1048576K
}
Event: 6.653 GC heap before
{Heap before GC invocations=6 (full 0):
 garbage-first heap   total 65536K, used 33653K [0x00000000c1400000, 0x0000000100000000)
  region size 1024K, 26 young (26624K), 3 survivors (3072K)
 Metaspace       used 28412K, capacity 28971K, committed 29056K, reserved 1075200K
  class space    used 3164K, capacity 3376K, committed 3456K, reserved 1048576K
}
Event: 6.662 GC heap after
{Heap after GC invocations=7 (full 0):
 garbage-first heap   total 65536K, used 12654K [0x00000000c1400000, 0x0000000100000000)
  region size 1024K, 4 young (4096K), 4 survivors (4096K)
 Metaspace       used 28412K, capacity 28971K, committed 29056K, reserved 1075200K
  class space    used 3164K, capacity 3376K, committed 3456K, reserved 1048576K
}
Event: 8.606 GC heap before
{Heap before GC invocations=7 (full 0):
 garbage-first heap   total 65536K, used 38254K [0x00000000c1400000, 0x0000000100000000)
  region size 1024K, 29 young (29696K), 4 survivors (4096K)
 Metaspace       used 32271K, capacity 32838K, committed 33024K, reserved 1079296K
  class space    used 3613K, capacity 3832K, committed 3840K, reserved 1048576K
}
Event: 8.625 GC heap after
{Heap after GC invocations=8 (full 0):
 garbage-first heap   total 65536K, used 15005K [0x00000000c1400000, 0x0000000100000000)
  region size 1024K, 4 young (4096K), 4 survivors (4096K)
 Metaspace       used 32271K, capacity 32838K, committed 33024K, reserved 1079296K
  class space    used 3613K, capacity 3832K, committed 3840K, reserved 1048576K
}
Event: 9.515 GC heap before
{Heap before GC invocations=8 (full 0):
 garbage-first heap   total 65536K, used 41629K [0x00000000c1400000, 0x0000000100000000)
  region size 1024K, 30 young (30720K), 4 survivors (4096K)
 Metaspace       used 34067K, capacity 34596K, committed 34816K, reserved 1079296K
  class space    used 3813K, capacity 4030K, committed 4096K, reserved 1048576K
}
Event: 9.528 GC heap after
{Heap after GC invocations=9 (full 0):
 garbage-first heap   total 78848K, used 17638K [0x00000000c1400000, 0x0000000100000000)
  region size 1024K, 3 young (3072K), 3 survivors (3072K)
 Metaspace       used 34067K, capacity 34596K, committed 34816K, reserved 1079296K
  class space    used 3813K, capacity 4030K, committed 4096K, reserved 1048576K
}
Event: 10.089 GC heap before
{Heap before GC invocations=9 (full 0):
 garbage-first heap   total 78848K, used 35046K [0x00000000c1400000, 0x0000000100000000)
  region size 1024K, 21 young (21504K), 3 survivors (3072K)
 Metaspace       used 35226K, capacity 35731K, committed 35840K, reserved 1081344K
  class space    used 3954K, capacity 4170K, committed 4224K, reserved 1048576K
}
Event: 10.097 GC heap after
{Heap after GC invocations=10 (full 0):
 garbage-first heap   total 78848K, used 19102K [0x00000000c1400000, 0x0000000100000000)
  region size 1024K, 2 young (2048K), 2 survivors (2048K)
 Metaspace       used 35226K, capacity 35731K, committed 35840K, reserved 1081344K
  class space    used 3954K, capacity 4170K, committed 4224K, reserved 1048576K
}

