# JRE version: Java(TM) SE Runtime Environment (11.0+28) (build 11+28)
# Java VM: Java HotSpot(TM) 64-Bit Server VM (11+28, mixed mode, tiered, compressed oops, g1 gc, windows-amd64)
Heap:
 garbage-first heap   total 78848K, used 22226K [0x00000000c1400000, 0x0000000100000000)
  region size 1024K, 7 young (7168K), 3 survivors (3072K)
 Metaspace       used 37876K, capacity 38484K, committed 38600K, reserved 1083392K
  class space    used 4219K, capacity 4463K, committed 4480K, reserved 1048576K
GC Heap History (10 events):
Event: 5.799 GC heap before
{Heap before GC invocations=5 (full 0):
 garbage-first heap   total 65536K, used 37102K [0x00000000c1400000, 0x0000000100000000)
  region size 1024K, 29 young (29696K), 2 survivors (2048K)
 Metaspace       used 24671K, capacity 25122K, committed 25392K, reserved 1071104K
  class space    used 2694K, capacity 2878K, committed 2944K, reserved 1048576K
}
Event: 5.807 GC heap after
{Heap after GC invocations=6 (full 0):
 garbage-first heap   total 78848K, used 11162K [0x00000000c1400000, 0x0000000100000000)
  region size 1024K, 4 young (4096K), 4 survivors (4096K)
 Metaspace       used 24671K, capacity 25122K, committed 25392K, reserved 1071104K
  class space    used 2694K, capacity 2878K, committed 2944K, reserved 1048576K
}
Event: 7.643 GC heap before
{Heap before GC invocations=6 (full 0):
 garbage-first heap   total 78848K, used 41882K [0x00000000c1400000, 0x0000000100000000)
  region size 1024K, 35 young (35840K), 4 survivors (4096K)
 Metaspace       used 29668K, capacity 30212K, committed 30384K, reserved 1077248K
  class space    used 3291K, capacity 3505K, committed 3584K, reserved 1048576K
}
Event: 7.654 GC heap after
{Heap after GC invocations=7 (full 0):
 garbage-first heap   total 78848K, used 13359K [0x00000000c1400000, 0x0000000100000000)
  region size 1024K, 4 young (4096K), 4 survivors (4096K)
 Metaspace       used 29668K, capacity 30212K, committed 30384K, reserved 1077248K
  class space    used 3291K, capacity 3505K, committed 3584K, reserved 1048576K
}
Event: 10.011 GC heap before
{Heap before GC invocations=7 (full 0):
 garbage-first heap   total 78848K, used 50223K [0x00000000c1400000, 0x0000000100000000)
  region size 1024K, 41 young (41984K), 4 survivors (4096K)
 Metaspace       used 34045K, capacity 34617K, committed 34736K, reserved 1079296K
  class space    used 3769K, capacity 3992K, committed 4096K, reserved 1048576K
}
Event: 10.024 GC heap after
{Heap after GC invocations=8 (full 0):
 garbage-first heap   total 78848K, used 16218K [0x00000000c1400000, 0x0000000100000000)
  region size 1024K, 5 young (5120K), 5 survivors (5120K)
 Metaspace       used 34045K, capacity 34617K, committed 34736K, reserved 1079296K
  class space    used 3769K, capacity 3992K, committed 4096K, reserved 1048576K
}
Event: 10.608 GC heap before
{Heap before GC invocations=8 (full 0):
 garbage-first heap   total 78848K, used 35674K [0x00000000c1400000, 0x0000000100000000)
  region size 1024K, 25 young (25600K), 5 survivors (5120K)
 Metaspace       used 35116K, capacity 35643K, committed 35708K, reserved 1081344K
  class space    used 3898K, capacity 4095K, committed 4096K, reserved 1048576K
}
Event: 10.622 GC heap after
{Heap after GC invocations=9 (full 0):
 garbage-first heap   total 78848K, used 18019K [0x00000000c1400000, 0x0000000100000000)
  region size 1024K, 2 young (2048K), 2 survivors (2048K)
 Metaspace       used 35116K, capacity 35643K, committed 35708K, reserved 1081344K
  class space    used 3898K, capacity 4095K, committed 4096K, reserved 1048576K
}
Event: 24.049 GC heap before
{Heap before GC invocations=10 (full 0):
 garbage-first heap   total 78848K, used 49763K [0x00000000c1400000, 0x0000000100000000)
  region size 1024K, 33 young (33792K), 2 survivors (2048K)
 Metaspace       used 37399K, capacity 37972K, committed 38088K, reserved 1083392K
  class space    used 4167K, capacity 4399K, committed 4480K, reserved 1048576K
}
Event: 24.058 GC heap after
{Heap after GC invocations=11 (full 0):
 garbage-first heap   total 78848K, used 19154K [0x00000000c1400000, 0x0000000100000000)
  region size 1024K, 3 young (3072K), 3 survivors (3072K)
 Metaspace       used 37399K, capacity 37972K, committed 38088K, reserved 1083392K
  class space    used 4167K, capacity 4399K, committed 4480K, reserved 1048576K
}

