# JRE version: Java(TM) SE Runtime Environment (11.0+28) (build 11+28)
# Java VM: Java HotSpot(TM) 64-Bit Server VM (11+28, mixed mode, tiered, compressed oops, g1 gc, windows-amd64)
Heap:
 garbage-first heap   total 89088K, used 17158K [0x00000000c1400000, 0x0000000100000000)
  region size 1024K, 4 young (4096K), 4 survivors (4096K)
 Metaspace       used 34441K, capacity 34999K, committed 35072K, reserved 1081344K
  class space    used 3811K, capacity 4030K, committed 4096K, reserved 1048576K
GC Heap History (10 events):
Event: 3.619 GC heap after
{Heap after GC invocations=3 (full 0):
 garbage-first heap   total 65536K, used 8643K [0x00000000c1400000, 0x0000000100000000)
  region size 1024K, 4 young (4096K), 4 survivors (4096K)
 Metaspace       used 17043K, capacity 17426K, committed 17664K, reserved 1064960K
  class space    used 1888K, capacity 2045K, committed 2048K, reserved 1048576K
}
Event: 4.201 GC heap before
{Heap before GC invocations=3 (full 0):
 garbage-first heap   total 65536K, used 28099K [0x00000000c1400000, 0x0000000100000000)
  region size 1024K, 25 young (25600K), 4 survivors (4096K)
 Metaspace       used 20776K, capacity 21217K, committed 21296K, reserved 1069056K
  class space    used 2274K, capacity 2411K, committed 2432K, reserved 1048576K
}
Event: 4.208 GC heap after
{Heap after GC invocations=4 (full 0):
 garbage-first heap   total 65536K, used 9706K [0x00000000c1400000, 0x0000000100000000)
  region size 1024K, 1 young (1024K), 1 survivors (1024K)
 Metaspace       used 20776K, capacity 21217K, committed 21296K, reserved 1069056K
  class space    used 2274K, capacity 2411K, committed 2432K, reserved 1048576K
}
Event: 5.584 GC heap before
{Heap before GC invocations=5 (full 0):
 garbage-first heap   total 65536K, used 34282K [0x00000000c1400000, 0x0000000100000000)
  region size 1024K, 26 young (26624K), 1 survivors (1024K)
 Metaspace       used 24691K, capacity 25224K, committed 25472K, reserved 1071104K
  class space    used 2705K, capacity 2915K, committed 2944K, reserved 1048576K
}
Event: 5.592 GC heap after
{Heap after GC invocations=6 (full 0):
 garbage-first heap   total 65536K, used 11273K [0x00000000c1400000, 0x0000000100000000)
  region size 1024K, 3 young (3072K), 3 survivors (3072K)
 Metaspace       used 24691K, capacity 25224K, committed 25472K, reserved 1071104K
  class space    used 2705K, capacity 2915K, committed 2944K, reserved 1048576K
}
Event: 7.192 GC heap before
{Heap before GC invocations=6 (full 0):
 garbage-first heap   total 65536K, used 36873K [0x00000000c1400000, 0x0000000100000000)
  region size 1024K, 29 young (29696K), 3 survivors (3072K)
 Metaspace       used 28855K, capacity 29374K, committed 29568K, reserved 1075200K
  class space    used 3172K, capacity 3376K, committed 3456K, reserved 1048576K
}
Event: 7.202 GC heap after
{Heap after GC invocations=7 (full 0):
 garbage-first heap   total 65536K, used 12933K [0x00000000c1400000, 0x0000000100000000)
  region size 1024K, 4 young (4096K), 4 survivors (4096K)
 Metaspace       used 28855K, capacity 29374K, committed 29568K, reserved 1075200K
  class space    used 3172K, capacity 3376K, committed 3456K, reserved 1048576K
}
Event: 9.574 GC heap before
{Heap before GC invocations=7 (full 0):
 garbage-first heap   total 65536K, used 39557K [0x00000000c1400000, 0x0000000100000000)
  region size 1024K, 30 young (30720K), 4 survivors (4096K)
 Metaspace       used 32348K, capacity 32885K, committed 33024K, reserved 1079296K
  class space    used 3582K, capacity 3800K, committed 3840K, reserved 1048576K
}
Event: 9.592 GC heap after
{Heap after GC invocations=8 (full 0):
 garbage-first heap   total 65536K, used 14907K [0x00000000c1400000, 0x0000000100000000)
  region size 1024K, 4 young (4096K), 4 survivors (4096K)
 Metaspace       used 32348K, capacity 32885K, committed 33024K, reserved 1079296K
  class space    used 3582K, capacity 3800K, committed 3840K, reserved 1048576K
}
Event: 10.750 GC heap before
{Heap before GC invocations=8 (full 0):
 garbage-first heap   total 65536K, used 42555K [0x00000000c1400000, 0x0000000100000000)
  region size 1024K, 31 young (31744K), 4 survivors (4096K)
 Metaspace       used 34441K, capacity 34999K, committed 35072K, reserved 1081344K
  class space    used 3811K, capacity 4030K, committed 4096K, reserved 1048576K
}

